<?xml version="1.0" encoding="UTF-8"?>
<!-- Generated by org.testng.reporters.JUnitXMLReporter -->
<testsuite ignored="0" hostname="DESKTOP-HC9JHA0" failures="0" tests="14" name="Test" time="195.188" errors="0" timestamp="2022-10-12T13:43:59 IST">
  <testcase classname="com.simplilearn.demo.FlipKartTestChrome" name="closeLogin" time="1.239"/>
  <testcase classname="com.simplilearn.demo.FlipKartTestChrome" name="scroll" time="6.137"/>
  <testcase classname="com.simplilearn.demo.FlipKartTestChrome" name="searchProduct" time="5.733"/>
  <testcase classname="com.simplilearn.demo.FlipKartTestChrome" name="loadImage" time="21.432"/>
  <testcase classname="com.simplilearn.demo.FlipKartTestChrome" name="scrollFrequency" time="2.146"/>
  <testcase classname="com.simplilearn.demo.FlipKartTestChrome" name="downloadImages" time="0.027"/>
  <testcase classname="com.simplilearn.demo.FlipKartTestChrome" name="screenResolution" time="7.666"/>
  <testcase classname="com.simplilearn.demo.FlipKartTestEdge" name="closeLogin" time="2.031"/>
  <testcase classname="com.simplilearn.demo.FlipKartTestEdge" name="scroll" time="6.123"/>
  <testcase classname="com.simplilearn.demo.FlipKartTestEdge" name="searchProduct" time="5.847"/>
  <testcase classname="com.simplilearn.demo.FlipKartTestEdge" name="loadImage" time="17.232"/>
  <testcase classname="com.simplilearn.demo.FlipKartTestEdge" name="scrollFrequency" time="2.078"/>
  <testcase classname="com.simplilearn.demo.FlipKartTestEdge" name="downloadImages" time="0.031"/>
  <testcase classname="com.simplilearn.demo.FlipKartTestEdge" name="screenResolution" time="7.847"/>
</testsuite> <!-- Test -->
