<?xml version="1.0" encoding="UTF-8"?>
<testng-results ignored="0" total="14" passed="14" failed="0" skipped="0">
  <reporter-output>
  </reporter-output>
  <suite started-at="2022-10-12T13:40:43 IST" name="Suite" finished-at="2022-10-12T13:43:59 IST" duration-ms="195188">
    <groups>
    </groups>
    <test started-at="2022-10-12T13:40:43 IST" name="Test" finished-at="2022-10-12T13:43:59 IST" duration-ms="195188">
      <class name="com.simplilearn.demo.FlipKartTestChrome">
        <test-method is-config="true" signature="beforeClass()[pri:0, instance:com.simplilearn.demo.FlipKartTestChrome@5b7a7f33]" started-at="2022-10-12T13:40:44 IST" name="beforeClass" finished-at="2022-10-12T13:41:46 IST" duration-ms="62959" status="PASS">
          <reporter-output>
          </reporter-output>
        </test-method> <!-- beforeClass -->
        <test-method signature="closeLogin()[pri:1, instance:com.simplilearn.demo.FlipKartTestChrome@5b7a7f33]" started-at="2022-10-12T13:41:47 IST" name="closeLogin" finished-at="2022-10-12T13:41:48 IST" duration-ms="1239" status="PASS">
          <reporter-output>
          </reporter-output>
        </test-method> <!-- closeLogin -->
        <test-method signature="scroll()[pri:2, instance:com.simplilearn.demo.FlipKartTestChrome@5b7a7f33]" started-at="2022-10-12T13:41:48 IST" name="scroll" finished-at="2022-10-12T13:41:54 IST" duration-ms="6137" status="PASS">
          <reporter-output>
          </reporter-output>
        </test-method> <!-- scroll -->
        <test-method signature="searchProduct()[pri:3, instance:com.simplilearn.demo.FlipKartTestChrome@5b7a7f33]" started-at="2022-10-12T13:41:54 IST" name="searchProduct" finished-at="2022-10-12T13:42:00 IST" duration-ms="5733" status="PASS">
          <reporter-output>
          </reporter-output>
        </test-method> <!-- searchProduct -->
        <test-method signature="loadImage()[pri:4, instance:com.simplilearn.demo.FlipKartTestChrome@5b7a7f33]" started-at="2022-10-12T13:42:00 IST" name="loadImage" finished-at="2022-10-12T13:42:21 IST" duration-ms="21432" status="PASS">
          <reporter-output>
          </reporter-output>
        </test-method> <!-- loadImage -->
        <test-method signature="scrollFrequency()[pri:5, instance:com.simplilearn.demo.FlipKartTestChrome@5b7a7f33]" started-at="2022-10-12T13:42:21 IST" name="scrollFrequency" finished-at="2022-10-12T13:42:23 IST" duration-ms="2146" status="PASS">
          <reporter-output>
          </reporter-output>
        </test-method> <!-- scrollFrequency -->
        <test-method signature="downloadImages()[pri:6, instance:com.simplilearn.demo.FlipKartTestChrome@5b7a7f33]" started-at="2022-10-12T13:42:23 IST" name="downloadImages" finished-at="2022-10-12T13:42:23 IST" duration-ms="27" status="PASS">
          <reporter-output>
          </reporter-output>
        </test-method> <!-- downloadImages -->
        <test-method signature="screenResolution()[pri:7, instance:com.simplilearn.demo.FlipKartTestChrome@5b7a7f33]" started-at="2022-10-12T13:42:23 IST" name="screenResolution" finished-at="2022-10-12T13:42:31 IST" duration-ms="7666" status="PASS">
          <reporter-output>
          </reporter-output>
        </test-method> <!-- screenResolution -->
        <test-method is-config="true" signature="afterClass()[pri:0, instance:com.simplilearn.demo.FlipKartTestChrome@5b7a7f33]" started-at="2022-10-12T13:42:31 IST" name="afterClass" finished-at="2022-10-12T13:42:31 IST" duration-ms="0" status="PASS">
          <reporter-output>
          </reporter-output>
        </test-method> <!-- afterClass -->
      </class> <!-- com.simplilearn.demo.FlipKartTestChrome -->
      <class name="com.simplilearn.demo.FlipKartTestEdge">
        <test-method is-config="true" signature="beforeClass()[pri:0, instance:com.simplilearn.demo.FlipKartTestEdge@2dfaea86]" started-at="2022-10-12T13:42:31 IST" name="beforeClass" finished-at="2022-10-12T13:43:17 IST" duration-ms="46507" status="PASS">
          <reporter-output>
          </reporter-output>
        </test-method> <!-- beforeClass -->
        <test-method signature="closeLogin()[pri:1, instance:com.simplilearn.demo.FlipKartTestEdge@2dfaea86]" started-at="2022-10-12T13:43:17 IST" name="closeLogin" finished-at="2022-10-12T13:43:19 IST" duration-ms="2031" status="PASS">
          <reporter-output>
          </reporter-output>
        </test-method> <!-- closeLogin -->
        <test-method signature="scroll()[pri:2, instance:com.simplilearn.demo.FlipKartTestEdge@2dfaea86]" started-at="2022-10-12T13:43:19 IST" name="scroll" finished-at="2022-10-12T13:43:26 IST" duration-ms="6123" status="PASS">
          <reporter-output>
          </reporter-output>
        </test-method> <!-- scroll -->
        <test-method signature="searchProduct()[pri:3, instance:com.simplilearn.demo.FlipKartTestEdge@2dfaea86]" started-at="2022-10-12T13:43:26 IST" name="searchProduct" finished-at="2022-10-12T13:43:31 IST" duration-ms="5847" status="PASS">
          <reporter-output>
          </reporter-output>
        </test-method> <!-- searchProduct -->
        <test-method signature="loadImage()[pri:4, instance:com.simplilearn.demo.FlipKartTestEdge@2dfaea86]" started-at="2022-10-12T13:43:31 IST" name="loadImage" finished-at="2022-10-12T13:43:49 IST" duration-ms="17232" status="PASS">
          <reporter-output>
          </reporter-output>
        </test-method> <!-- loadImage -->
        <test-method signature="scrollFrequency()[pri:5, instance:com.simplilearn.demo.FlipKartTestEdge@2dfaea86]" started-at="2022-10-12T13:43:49 IST" name="scrollFrequency" finished-at="2022-10-12T13:43:51 IST" duration-ms="2078" status="PASS">
          <reporter-output>
          </reporter-output>
        </test-method> <!-- scrollFrequency -->
        <test-method signature="downloadImages()[pri:6, instance:com.simplilearn.demo.FlipKartTestEdge@2dfaea86]" started-at="2022-10-12T13:43:51 IST" name="downloadImages" finished-at="2022-10-12T13:43:51 IST" duration-ms="31" status="PASS">
          <reporter-output>
          </reporter-output>
        </test-method> <!-- downloadImages -->
        <test-method signature="screenResolution()[pri:7, instance:com.simplilearn.demo.FlipKartTestEdge@2dfaea86]" started-at="2022-10-12T13:43:51 IST" name="screenResolution" finished-at="2022-10-12T13:43:59 IST" duration-ms="7847" status="PASS">
          <reporter-output>
          </reporter-output>
        </test-method> <!-- screenResolution -->
        <test-method is-config="true" signature="afterClass()[pri:0, instance:com.simplilearn.demo.FlipKartTestEdge@2dfaea86]" started-at="2022-10-12T13:43:59 IST" name="afterClass" finished-at="2022-10-12T13:43:59 IST" duration-ms="0" status="PASS">
          <reporter-output>
          </reporter-output>
        </test-method> <!-- afterClass -->
      </class> <!-- com.simplilearn.demo.FlipKartTestEdge -->
    </test> <!-- Test -->
  </suite> <!-- Suite -->
</testng-results>
