<?xml version="1.0" encoding="UTF-8"?>
<testng-results skipped="0" failed="0" ignored="0" total="1" passed="1">
  <reporter-output>
  </reporter-output>
  <suite name="com.simplilearn.testng.NewTest" duration-ms="22762" started-at="2022-10-04T18:21:15 IST" finished-at="2022-10-04T18:21:38 IST">
    <groups>
    </groups>
    <test name="Command line test" duration-ms="22762" started-at="2022-10-04T18:21:15 IST" finished-at="2022-10-04T18:21:38 IST">
      <class name="com.simplilearn.testng.NewTest">
        <test-method status="PASS" signature="beforeMethod()[pri:0, instance:com.simplilearn.testng.NewTest@a7e666]" name="beforeMethod" is-config="true" duration-ms="3299" started-at="2022-10-04T18:21:15 IST" finished-at="2022-10-04T18:21:19 IST">
          <reporter-output>
          </reporter-output>
        </test-method> <!-- beforeMethod -->
        <test-method status="PASS" signature="oracle()[pri:0, instance:com.simplilearn.testng.NewTest@a7e666]" name="oracle" duration-ms="19420" started-at="2022-10-04T18:21:19 IST" finished-at="2022-10-04T18:21:38 IST">
          <reporter-output>
          </reporter-output>
        </test-method> <!-- oracle -->
        <test-method status="PASS" signature="afterMethod()[pri:0, instance:com.simplilearn.testng.NewTest@a7e666]" name="afterMethod" is-config="true" duration-ms="0" started-at="2022-10-04T18:21:38 IST" finished-at="2022-10-04T18:21:38 IST">
          <reporter-output>
          </reporter-output>
        </test-method> <!-- afterMethod -->
      </class> <!-- com.simplilearn.testng.NewTest -->
    </test> <!-- Command line test -->
  </suite> <!-- com.simplilearn.testng.NewTest -->
</testng-results>
