<?xml version="1.0" encoding="UTF-8"?>
<testng-results ignored="0" total="1" passed="1" failed="0" skipped="0">
  <reporter-output>
  </reporter-output>
  <suite started-at="2022-10-04T18:14:07 IST" name="Suite" finished-at="2022-10-04T18:14:28 IST" duration-ms="20667">
    <groups>
    </groups>
    <test started-at="2022-10-04T18:14:07 IST" name="Test" finished-at="2022-10-04T18:14:28 IST" duration-ms="20667">
      <class name="com.simplilearn.testng.NewTest">
        <test-method is-config="true" signature="beforeMethod()[pri:0, instance:com.simplilearn.testng.NewTest@312aa7c]" started-at="2022-10-04T18:14:07 IST" name="beforeMethod" finished-at="2022-10-04T18:14:09 IST" duration-ms="1579" status="PASS">
          <reporter-output>
          </reporter-output>
        </test-method> <!-- beforeMethod -->
        <test-method signature="oracle()[pri:0, instance:com.simplilearn.testng.NewTest@312aa7c]" started-at="2022-10-04T18:14:09 IST" name="oracle" finished-at="2022-10-04T18:14:28 IST" duration-ms="19058" status="PASS">
          <reporter-output>
          </reporter-output>
        </test-method> <!-- oracle -->
        <test-method is-config="true" signature="afterMethod()[pri:0, instance:com.simplilearn.testng.NewTest@312aa7c]" started-at="2022-10-04T18:14:28 IST" name="afterMethod" finished-at="2022-10-04T18:14:28 IST" duration-ms="1" status="PASS">
          <reporter-output>
          </reporter-output>
        </test-method> <!-- afterMethod -->
      </class> <!-- com.simplilearn.testng.NewTest -->
    </test> <!-- Test -->
  </suite> <!-- Suite -->
</testng-results>
